<?xml version="1.0" encoding="UTF-8"?>
<testng-results ignored="0" total="2" passed="2" failed="0" skipped="0">
  <reporter-output>
  </reporter-output>
  <suite started-at="2022-06-30T18:35:34 EEST" name="Default suite" finished-at="2022-06-30T18:35:45 EEST" duration-ms="11047">
    <groups>
    </groups>
    <test started-at="2022-06-30T18:35:34 EEST" name="Default test" finished-at="2022-06-30T18:35:45 EEST" duration-ms="11047">
      <class name="testCase.TestCase_1">
        <test-method is-config="true" signature="startBrowser()[pri:0, instance:testCase.TestCase_1@76c3e77a]" started-at="2022-06-30T18:35:34 EEST" name="startBrowser" finished-at="2022-06-30T18:35:38 EEST" duration-ms="3484" status="PASS">
          <reporter-output>
          </reporter-output>
        </test-method> <!-- startBrowser -->
        <test-method signature="tc_001()[pri:0, instance:testCase.TestCase_1@76c3e77a]" started-at="2022-06-30T18:35:38 EEST" name="tc_001" finished-at="2022-06-30T18:35:41 EEST" duration-ms="3125" status="PASS">
          <reporter-output>
          </reporter-output>
        </test-method> <!-- tc_001 -->
        <test-method is-config="true" signature="closebrowse()[pri:0, instance:testCase.TestCase_1@76c3e77a]" started-at="2022-06-30T18:35:41 EEST" name="closebrowse" finished-at="2022-06-30T18:35:41 EEST" duration-ms="209" status="PASS">
          <reporter-output>
          </reporter-output>
        </test-method> <!-- closebrowse -->
        <test-method is-config="true" signature="startBrowser()[pri:0, instance:testCase.TestCase_1@76c3e77a]" started-at="2022-06-30T18:35:41 EEST" name="startBrowser" finished-at="2022-06-30T18:35:43 EEST" duration-ms="1759" status="PASS">
          <reporter-output>
          </reporter-output>
        </test-method> <!-- startBrowser -->
        <test-method signature="tc_002()[pri:0, instance:testCase.TestCase_1@76c3e77a]" started-at="2022-06-30T18:35:43 EEST" name="tc_002" finished-at="2022-06-30T18:35:45 EEST" duration-ms="2313" status="PASS">
          <reporter-output>
          </reporter-output>
        </test-method> <!-- tc_002 -->
        <test-method is-config="true" signature="closebrowse()[pri:0, instance:testCase.TestCase_1@76c3e77a]" started-at="2022-06-30T18:35:45 EEST" name="closebrowse" finished-at="2022-06-30T18:35:45 EEST" duration-ms="135" status="PASS">
          <reporter-output>
          </reporter-output>
        </test-method> <!-- closebrowse -->
      </class> <!-- testCase.TestCase_1 -->
    </test> <!-- Default test -->
  </suite> <!-- Default suite -->
</testng-results>
